Build started 21/3/2013 PM 9:10:39.
     1>Project "D:\ntu-work\Face Application\02FaceDetection\multiview_facedetection\mutildet\mutildet\mutildet.vcxproj" on node 2 (build target(s)).
     1>InitializeBuildStatus:
         Touching "Release\mutildet.unsuccessfulbuild".
       ClCompile:
         C:\Program Files (x86)\Microsoft Visual Studio 10.0\VC\bin\CL.exe /c /ID:\OPENCV\opencv244\build\include\opencv /ID:\OPENCV\opencv244\build\include /Zi /nologo /W3 /WX- /O2 /Oi /Oy- /GL /D _MBCS /Gm- /EHsc /MD /GS /Gy /fp:precise /Zc:wchar_t /Zc:forScope /Fo"Release\\" /Fd"Release\vc100.pdb" /Gd /TP /analyze- /errorReport:prompt main.cpp
         main.cpp
     1>main.cpp(51): warning C4101: 'e' : unreferenced local variable
     1>main.cpp(64): warning C4101: 'e' : unreferenced local variable
     1>main.cpp(74): warning C4101: 'e' : unreferenced local variable
     1>main.cpp(119): warning C4018: '<' : signed/unsigned mismatch
     1>main.cpp(127): warning C4018: '<' : signed/unsigned mismatch
     1>main.cpp(129): warning C4305: 'initializing' : truncation from 'double' to 'float'
     1>main.cpp(131): warning C4244: 'argument' : conversion from 'float' to 'int', possible loss of data
     1>main.cpp(131): warning C4244: 'argument' : conversion from 'float' to 'int', possible loss of data
     1>main.cpp(134): warning C4244: 'argument' : conversion from 'float' to 'int', possible loss of data
     1>main.cpp(134): warning C4244: 'argument' : conversion from 'float' to 'int', possible loss of data
     1>main.cpp(135): warning C4244: 'argument' : conversion from 'double' to 'int', possible loss of data
     1>main.cpp(135): warning C4244: 'argument' : conversion from 'double' to 'int', possible loss of data
     1>main.cpp(144): warning C4018: '<' : signed/unsigned mismatch
     1>main.cpp(146): warning C4305: 'initializing' : truncation from 'double' to 'float'
     1>main.cpp(149): warning C4244: 'argument' : conversion from 'float' to 'int', possible loss of data
     1>main.cpp(149): warning C4244: 'argument' : conversion from 'float' to 'int', possible loss of data
     1>main.cpp(150): warning C4244: 'argument' : conversion from 'double' to 'int', possible loss of data
     1>main.cpp(150): warning C4244: 'argument' : conversion from 'double' to 'int', possible loss of data
     1>main.cpp(151): warning C4244: 'argument' : conversion from 'float' to 'int', possible loss of data
     1>main.cpp(151): warning C4244: 'argument' : conversion from 'float' to 'int', possible loss of data
     1>main.cpp(192): warning C4244: 'initializing' : conversion from 'double' to 'long', possible loss of data
     1>main.cpp(242): warning C4244: 'argument' : conversion from 'double' to 'int', possible loss of data
     1>main.cpp(242): warning C4244: 'argument' : conversion from 'double' to 'int', possible loss of data
     1>main.cpp(242): warning C4244: 'argument' : conversion from 'double' to 'int', possible loss of data
     1>main.cpp(242): warning C4244: 'argument' : conversion from 'double' to 'int', possible loss of data
       Link:
         C:\Program Files (x86)\Microsoft Visual Studio 10.0\VC\bin\link.exe /ERRORREPORT:PROMPT /OUT:"D:\ntu-work\Face Application\02FaceDetection\multiview_facedetection\mutildet\Release\mutildet.exe" /NOLOGO /LIBPATH:D:\OPENCV\opencv244\build\x86\vc10\lib /MANIFEST /ManifestFile:"Release\mutildet.exe.intermediate.manifest" /MANIFESTUAC:"level='asInvoker' uiAccess='false'" /DEBUG /PDB:"D:\ntu-work\Face Application\02FaceDetection\multiview_facedetection\mutildet\Release\mutildet.pdb" /OPT:REF /OPT:ICF /LTCG /TLBID:1 /DYNAMICBASE /NXCOMPAT /IMPLIB:"D:\ntu-work\Face Application\02FaceDetection\multiview_facedetection\mutildet\Release\mutildet.lib" /MACHINE:X86 Release\detectObject.obj
         Release\ImageUtils_0.7.obj
         Release\main.obj
         Release\preprocessFace.obj
         Generating code
         Finished generating code
         mutildet.vcxproj -> D:\ntu-work\Face Application\02FaceDetection\multiview_facedetection\mutildet\Release\mutildet.exe
       Manifest:
         C:\Program Files (x86)\Microsoft SDKs\Windows\v7.0A\bin\mt.exe /nologo /verbose /outputresource:"D:\ntu-work\Face Application\02FaceDetection\multiview_facedetection\mutildet\Release\mutildet.exe;#1" /manifest Release\mutildet.exe.intermediate.manifest
       FinalizeBuildStatus:
         Deleting file "Release\mutildet.unsuccessfulbuild".
         Touching "Release\mutildet.lastbuildstate".
     1>Done Building Project "D:\ntu-work\Face Application\02FaceDetection\multiview_facedetection\mutildet\mutildet\mutildet.vcxproj" (build target(s)).

Build succeeded.

Time Elapsed 00:00:02.17
